<?xml version="1.0" encoding="UTF-8"?>
<!-- Generated by org.testng.reporters.JUnitXMLReporter -->
<testsuite hostname="Administator-PC" ignored="0" name="Default test" tests="3" failures="0" timestamp="22 Dec 2018 16:11:17 GMT" time="0.095" errors="0">
  <testcase name="b" time="0.026" classname="testngpackage001.NewTestNG001"/>
  <testcase name="a" time="0.008" classname="testngpackage001.NewTestNG001"/>
  <testcase name="v" time="0.002" classname="testngpackage001.NewTestNG001"/>
</testsuite> <!-- Default test -->
